3/10/2023 4:15:00 pm	This log contains information about the import schema operation into project 'WinkDbProject' on computer 'ORION-SSD' by user 'asdingfs'.
3/10/2023 4:15:00 pm	Import of database schema has started.
3/10/2023 4:15:01 pm	Gathering database credentials
3/10/2023 4:15:01 pm	Gathering database options
3/10/2023 4:15:01 pm	Gathering generic database scoped configuration option
3/10/2023 4:15:01 pm	Gathering users
3/10/2023 4:15:01 pm	Gathering roles
3/10/2023 4:15:01 pm	Gathering application roles
3/10/2023 4:15:01 pm	Gathering role memberships
3/10/2023 4:15:01 pm	Gathering filegroups
3/10/2023 4:15:01 pm	Gathering full-text catalogs
3/10/2023 4:15:01 pm	Gathering assemblies
3/10/2023 4:15:01 pm	Gathering certificates
3/10/2023 4:15:01 pm	Gathering asymmetric keys
3/10/2023 4:15:01 pm	Gathering symmetric keys
3/10/2023 4:15:01 pm	Gathering encrypted symmetric keys
3/10/2023 4:15:01 pm	Gathering schemas
3/10/2023 4:15:01 pm	Gathering XML schema collections
3/10/2023 4:15:01 pm	Gathering user-defined data types
3/10/2023 4:15:01 pm	Gathering user-defined types
3/10/2023 4:15:01 pm	Gathering table types
3/10/2023 4:15:01 pm	Gathering unique keys for table types
3/10/2023 4:15:01 pm	Gathering primary keys for table types
3/10/2023 4:15:01 pm	Gathering indexes for table types
3/10/2023 4:15:01 pm	Gathering check constraints for table types
3/10/2023 4:15:01 pm	Gathering default constraints for table types
3/10/2023 4:15:01 pm	Gathering partition functions
3/10/2023 4:15:01 pm	Gathering partition schemes
3/10/2023 4:15:01 pm	Gathering functions
3/10/2023 4:15:01 pm	Gathering encrypted functions
3/10/2023 4:15:01 pm	Gathering aggregates
3/10/2023 4:15:01 pm	Gathering procedures
3/10/2023 4:15:05 pm	Gathering encrypted procedures
3/10/2023 4:15:05 pm	Gathering tables
3/10/2023 4:15:06 pm	Gathering primary keys
3/10/2023 4:15:06 pm	Gathering unique constraints
3/10/2023 4:15:06 pm	Gathering foreign keys
3/10/2023 4:15:06 pm	Gathering default constraints
3/10/2023 4:15:06 pm	Gathering check constraints
3/10/2023 4:15:06 pm	Gathering views
3/10/2023 4:15:06 pm	Gathering encrypted views
3/10/2023 4:15:06 pm	Gathering indexes
3/10/2023 4:15:06 pm	Gathering statistics
3/10/2023 4:15:06 pm	Gathering full-text index stoplists
3/10/2023 4:15:06 pm	Gathering search property lists
3/10/2023 4:15:06 pm	Gathering search properties
3/10/2023 4:15:06 pm	Gathering full-text indexes
3/10/2023 4:15:06 pm	Gathering column store indexes
3/10/2023 4:15:06 pm	Gathering spatial indexes
3/10/2023 4:15:06 pm	Gathering XML indexes
3/10/2023 4:15:06 pm	Gathering Selective XML indexes
3/10/2023 4:15:06 pm	Gathering encrypted triggers
3/10/2023 4:15:06 pm	Gathering triggers
3/10/2023 4:15:06 pm	Gathering encrypted and clr ddl triggers
3/10/2023 4:15:06 pm	Gathering ddl triggers
3/10/2023 4:15:06 pm	Gathering synonyms
3/10/2023 4:15:06 pm	Gathering defaults
3/10/2023 4:15:06 pm	Gathering data constraint uddt bindings
3/10/2023 4:15:06 pm	Gathering rules
3/10/2023 4:15:06 pm	Gathering data constraint uddt bindings
3/10/2023 4:15:06 pm	Gathering message types
3/10/2023 4:15:06 pm	Gathering queues
3/10/2023 4:15:06 pm	Gathering contracts
3/10/2023 4:15:06 pm	Gathering services
3/10/2023 4:15:06 pm	Gathering event notifications
3/10/2023 4:15:06 pm	Gathering remote service bindings
3/10/2023 4:15:06 pm	Gathering broker priorities
3/10/2023 4:15:06 pm	Gathering signatures
3/10/2023 4:15:06 pm	Gathering data compression options
3/10/2023 4:15:06 pm	Gathering sequence types
3/10/2023 4:15:06 pm	Gathering security policies
3/10/2023 4:15:06 pm	Gather column encryption keys
3/10/2023 4:15:06 pm	Gathering column master keys
3/10/2023 4:15:06 pm	Gathering external data sources
3/10/2023 4:15:06 pm	Gathering external file formats
3/10/2023 4:15:06 pm	Gathering external tables
3/10/2023 4:15:06 pm	Gathering extended properties
3/10/2023 4:15:06 pm	Gathering assemblies
3/10/2023 4:15:06 pm	Gathering credentials
3/10/2023 4:15:06 pm	Gathering logins
3/10/2023 4:15:06 pm	Gathering server audits
3/10/2023 4:15:08 pm	Scanning project for duplicate elements
3/10/2023 4:15:08 pm	Finished duplicate element processing
3/10/2023 4:15:09 pm	Finished importing database.
3/10/2023 4:15:09 pm	A summary of the import was saved to the following location: C:\Users\asdingfs\source\repos\WinkDbProject\WinkDbProject\Import Schema Logs\WinkDbProject_20231003081500.log
3/10/2023 4:15:09 pm	Click Finish to continue...
